/--------------------\
|  ViReport v0.0.1   |
| Niema Moshiri 2020 |
\--------------------/

========================   Workflow Process   ========================
[2020-05-04 12:20:41] ViReport was run as follows: ./ViReport.py -s checkedSeq.fasta -t output.tsv -o FastTree --continue_workflow --format Markdown --phylo FastTree
[2020-05-04 12:20:41] Output directory: /Users/sarahmeng/ViReport/FastTree
[2020-05-04 12:20:41] Starting viral analysis workflow...

[2020-05-04 12:20:41] Initializing module implementations...
[2020-05-04 12:20:41] Finished initializing 13 module implementations

[2020-05-04 12:20:41] Running 'Preprocessing_SafeNames'...
[2020-05-04 12:20:41] Preprocessed sequences output to: /Users/sarahmeng/ViReport/FastTree/output_files/sequences_safe.fas
[2020-05-04 12:20:41] Preprocessed sample times output to: /Users/sarahmeng/ViReport/FastTree/output_files/times_safe.txt

[2020-05-04 12:20:41] Running 'MultipleSequenceAlignment_MAFFT'...
[2020-05-04 12:20:55] Multiple sequence alignment output to: /Users/sarahmeng/ViReport/FastTree/output_files/sequences_safe.aln

[2020-05-04 12:20:55] Running 'PairwiseDistancesSequence_tn93'...
[2020-05-04 12:20:56] Pairwise sequence distances output to: /Users/sarahmeng/ViReport/FastTree/output_files/pairwise_distances_sequence.csv

[2020-05-04 12:20:56] Running 'PhylogeneticInference_FastTree'...
[2020-05-04 12:21:18] Inferred (unrooted) phylogeny output to: /Users/sarahmeng/ViReport/FastTree/output_files/unrooted.tre

[2020-05-04 12:21:18] Running 'PairwiseDistancesTree_TreeSwift'...
[2020-05-04 12:21:18] Pairwise phylogenetic distances output to: /Users/sarahmeng/ViReport/FastTree/output_files/pairwise_distances_phylogeny.csv

[2020-05-04 12:21:18] Running 'Rooting_MinVar'...
[2020-05-04 12:21:18] Rooted phylogeny output to: /Users/sarahmeng/ViReport/FastTree/output_files/rooted.tre

[2020-05-04 12:21:18] Running 'Dating_treedater'...
[2020-05-04 12:21:19] Dated phylogeny output to: /Users/sarahmeng/ViReport/FastTree/output_files/dated.tre

[2020-05-04 12:21:19] Running 'AncestralSequenceReconstruction_TreeTime'...
[2020-05-04 12:21:23] Ancestral sequence(s) output to: /Users/sarahmeng/ViReport/FastTree/output_files/ancestral_sequences.fas

[2020-05-04 12:21:23] Running 'TransmissionClustering_TreeN93TreeDists'...
[2020-05-04 12:21:23] Transmission clusters output to: /Users/sarahmeng/ViReport/FastTree/output_files/transmission_clusters.tsv

[2020-05-04 12:21:23] Writing report using 'WriteReport_Default'...
