/--------------------\
|  ViReport v0.0.1   |
| Niema Moshiri 2020 |
\--------------------/

========================   Workflow Process   ========================
[2020-05-03 23:06:34] ViReport was run as follows: ./ViReport.py -s checkedSeq.fasta -t output.tsv -o outputdir --continue_workflow --format Markdown
[2020-05-03 23:06:34] Output directory: /Users/sarahmeng/ViReport/outputdir
[2020-05-03 23:06:34] Starting viral analysis workflow...

[2020-05-03 23:06:34] Initializing module implementations...
[2020-05-03 23:06:34] Finished initializing 13 module implementations

[2020-05-03 23:06:34] Running 'Preprocessing_SafeNames'...
[2020-05-03 23:06:34] Preprocessed sequences output to: /Users/sarahmeng/ViReport/outputdir/output_files/sequences_safe.fas
[2020-05-03 23:06:34] Preprocessed sample times output to: /Users/sarahmeng/ViReport/outputdir/output_files/times_safe.txt

[2020-05-03 23:06:34] Running 'MultipleSequenceAlignment_MAFFT'...
[2020-05-03 23:06:51] Multiple sequence alignment output to: /Users/sarahmeng/ViReport/outputdir/output_files/sequences_safe.aln

[2020-05-03 23:06:51] Running 'PairwiseDistancesSequence_tn93'...
[2020-05-03 23:06:51] Pairwise sequence distances output to: /Users/sarahmeng/ViReport/outputdir/output_files/pairwise_distances_sequence.csv

[2020-05-03 23:06:51] Running 'PhylogeneticInference_IQTREEMFP'...
[2020-05-03 23:13:54] Inferred (unrooted) phylogeny output to: /Users/sarahmeng/ViReport/outputdir/output_files/unrooted.tre

[2020-05-03 23:13:54] Running 'PairwiseDistancesTree_TreeSwift'...
[2020-05-03 23:13:54] Pairwise phylogenetic distances output to: /Users/sarahmeng/ViReport/outputdir/output_files/pairwise_distances_phylogeny.csv

[2020-05-03 23:13:54] Running 'Rooting_MinVar'...
[2020-05-03 23:13:54] Rooted phylogeny output to: /Users/sarahmeng/ViReport/outputdir/output_files/rooted.tre

[2020-05-03 23:13:54] Running 'Dating_treedater'...
[2020-05-03 23:13:54] Dated phylogeny output to: /Users/sarahmeng/ViReport/outputdir/output_files/dated.tre

[2020-05-03 23:13:54] Running 'AncestralSequenceReconstruction_TreeTime'...
[2020-05-03 23:13:58] Ancestral sequence(s) output to: /Users/sarahmeng/ViReport/outputdir/output_files/ancestral_sequences.fas

[2020-05-03 23:13:58] Running 'TransmissionClustering_TreeN93TreeDists'...
[2020-05-03 23:13:58] Transmission clusters output to: /Users/sarahmeng/ViReport/outputdir/output_files/transmission_clusters.tsv

[2020-05-03 23:13:58] Writing report using 'WriteReport_Default'...
